<?xml version="1.0" encoding="UTF-8"?>
<!-- Generated by org.testng.reporters.JUnitXMLReporter -->
<testsuite hostname="VINOD-LAPTOP" ignored="1" name="Default test" tests="1" failures="0" timestamp="19 Nov 2018 03:35:52 GMT" time="23.305" errors="0">
  <testcase name="testValidLoginLogout" time="6.216" classname="com.lacare.tests.ValidLoginLogoutTest"/>
  <testcase name="testInvalidLogin" time="0.0" classname="com.lacare.tests.InvalidLoginTest">
    <ignored/>
  </testcase> <!-- testInvalidLogin -->
</testsuite> <!-- Default test -->
