<?xml version="1.0" encoding="UTF-8"?>
<testng-results skipped="0" failed="0" ignored="1" total="2" passed="1">
  <reporter-output>
    <line>
      <![CDATA[user name: vhirema4114@gmail.com]]>
    </line>
    <line>
      <![CDATA[Password: 2014-Aug]]>
    </line>
  </reporter-output>
  <suite name="Default suite" duration-ms="23305" started-at="2018-11-19T03:35:28Z" finished-at="2018-11-19T03:35:51Z">
    <groups>
    </groups>
    <test name="Default test" duration-ms="23305" started-at="2018-11-19T03:35:28Z" finished-at="2018-11-19T03:35:51Z">
      <class name="com.lacare.tests.ValidLoginLogoutTest">
        <test-method status="PASS" signature="preCondition()[pri:0, instance:com.lacare.tests.ValidLoginLogoutTest@569cfc36]" name="preCondition" is-config="true" duration-ms="16067" started-at="2018-11-19T03:35:28Z" finished-at="2018-11-19T03:35:44Z">
          <reporter-output>
          </reporter-output>
        </test-method> <!-- preCondition -->
        <test-method status="PASS" signature="testValidLoginLogout()[pri:1, instance:com.lacare.tests.ValidLoginLogoutTest@569cfc36]" name="testValidLoginLogout" duration-ms="6216" started-at="2018-11-19T03:35:44Z" finished-at="2018-11-19T03:35:51Z">
          <reporter-output>
            <line>
              <![CDATA[user name: vhirema4114@gmail.com]]>
            </line>
            <line>
              <![CDATA[Password: 2014-Aug]]>
            </line>
          </reporter-output>
        </test-method> <!-- testValidLoginLogout -->
        <test-method status="PASS" signature="postCondition(org.testng.ITestResult)[pri:0, instance:com.lacare.tests.ValidLoginLogoutTest@569cfc36]" name="postCondition" is-config="true" duration-ms="915" started-at="2018-11-19T03:35:51Z" finished-at="2018-11-19T03:35:51Z">
          <params>
            <param index="0">
              <value>
                <![CDATA[[TestResult name=testValidLoginLogout status=SUCCESS method=ValidLoginLogoutTest.testValidLoginLogout()[pri:1, instance:com.lacare.tests.ValidLoginLogoutTest@569cfc36] output=user name: vhirema4114@gmail.com]]]>
              </value>
            </param>
          </params>
          <reporter-output>
          </reporter-output>
        </test-method> <!-- postCondition -->
      </class> <!-- com.lacare.tests.ValidLoginLogoutTest -->
    </test> <!-- Default test -->
  </suite> <!-- Default suite -->
</testng-results>
